0 info it worked if it ends with ok
1 verbose cli [ 'C:\\Program Files (x86)\\nodejs\\node.exe',
1 verbose cli   'C:\\Users\\charl_000\\AppData\\Roaming\\npm\\node_modules\\npm\\bin\\npm-cli.js',
1 verbose cli   'start' ]
2 info using npm@3.10.5
3 info using node@v8.11.1
4 verbose run-script [ 'prestart', 'start', 'poststart' ]
5 info lifecycle fa-express@0.0.0~prestart: fa-express@0.0.0
6 silly lifecycle fa-express@0.0.0~prestart: no script for prestart, continuing
7 info lifecycle fa-express@0.0.0~start: fa-express@0.0.0
8 verbose lifecycle fa-express@0.0.0~start: unsafe-perm in lifecycle true
9 verbose lifecycle fa-express@0.0.0~start: PATH: C:\Users\charl_000\AppData\Roaming\npm\node_modules\npm\bin\node-gyp-bin;C:\projects\upWork-jobs\global-business-consult\fa-express\node_modules\.bin;C:\Program Files (x86)\nodejs;C:\ProgramData\Oracle\Java\javapath;C:\Program Files (x86)\AMD APP\bin\x86_64;C:\Program Files (x86)\AMD APP\bin\x86;C:\windows\system32;C:\windows;C:\windows\System32\Wbem;C:\windows\System32\WindowsPowerShell\v1.0\;C:\Program Files (x86)\ATI Technologies\ATI.ACE\Core-Static;C:\Program Files (x86)\Windows Live\Shared;C:\Program Files\TortoiseHg\;C:\Program Files\Microsoft\Web Platform Installer\;C:\Program Files (x86)\Microsoft SDKs\TypeScript\1.0\;C:\Program Files (x86)\Heroku\bin;C:\Program Files (x86)\git\cmd;C:\Program Files (x86)\Deployd\bin;C:\HashiCorp\Vagrant\bin;C:\Program Files (x86)\Skype\Phone\;C:\windows\system32\config\systemprofile\.dnx\bin;C:\Program Files\Microsoft DNX\Dnvm\;C:\Program Files\Microsoft SQL Server\130\Tools\Binn\;C:\Program Files\Git\cmd;C:\xampp-5.6\php;C:\ProgramData\ComposerSetup\bin;C:\Program Files (x86)\nodejs\;C:\Program Files\Microsoft VS Code\bin;C:\Ruby193\bin;C:\Chocolatey\bin;C:\PhantomJS;C:\PhantomJS;C:\Users\charl_000\AppData\Local\Pandoc\;C:\Users\charl_000\AppData\Local\Apps\cURL\bin;C:\Users\charl_000\AppData\Roaming\Composer\vendor\bin;C:\Program Files (x86)\Heroku\bin;C:\Program Files\Heroku\bin;C:\Users\charl_000\AppData\Local\atom\bin;C:\Program Files\Microsoft VS Code\bin;C:\Users\charl_000\AppData\Roaming\npm
10 verbose lifecycle fa-express@0.0.0~start: CWD: C:\projects\upWork-jobs\global-business-consult\fa-express
11 silly lifecycle fa-express@0.0.0~start: Args: [ '/d /s /c', 'node ./bin/www' ]
12 silly lifecycle fa-express@0.0.0~start: Returned: code: 1  signal: null
13 info lifecycle fa-express@0.0.0~start: Failed to exec start script
14 verbose stack Error: fa-express@0.0.0 start: `node ./bin/www`
14 verbose stack Exit status 1
14 verbose stack     at EventEmitter.<anonymous> (C:\Users\charl_000\AppData\Roaming\npm\node_modules\npm\lib\utils\lifecycle.js:242:16)
14 verbose stack     at emitTwo (events.js:126:13)
14 verbose stack     at EventEmitter.emit (events.js:214:7)
14 verbose stack     at ChildProcess.<anonymous> (C:\Users\charl_000\AppData\Roaming\npm\node_modules\npm\lib\utils\spawn.js:40:14)
14 verbose stack     at emitTwo (events.js:126:13)
14 verbose stack     at ChildProcess.emit (events.js:214:7)
14 verbose stack     at maybeClose (internal/child_process.js:925:16)
14 verbose stack     at Process.ChildProcess._handle.onexit (internal/child_process.js:209:5)
15 verbose pkgid fa-express@0.0.0
16 verbose cwd C:\projects\upWork-jobs\global-business-consult\fa-express
17 error Windows_NT 6.2.9200
18 error argv "C:\\Program Files (x86)\\nodejs\\node.exe" "C:\\Users\\charl_000\\AppData\\Roaming\\npm\\node_modules\\npm\\bin\\npm-cli.js" "start"
19 error node v8.11.1
20 error npm  v3.10.5
21 error code ELIFECYCLE
22 error fa-express@0.0.0 start: `node ./bin/www`
22 error Exit status 1
23 error Failed at the fa-express@0.0.0 start script 'node ./bin/www'.
23 error Make sure you have the latest version of node.js and npm installed.
23 error If you do, this is most likely a problem with the fa-express package,
23 error not with npm itself.
23 error Tell the author that this fails on your system:
23 error     node ./bin/www
23 error You can get information on how to open an issue for this project with:
23 error     npm bugs fa-express
23 error Or if that isn't available, you can get their info via:
23 error     npm owner ls fa-express
23 error There is likely additional logging output above.
24 verbose exit [ 1, true ]
